<?xml version="1.0" encoding="UTF-8"?>
<testsuite xmlns:xsi="http://www.w3.org/2001/XMLSchema-instance" xsi:noNamespaceSchemaLocation="https://maven.apache.org/surefire/maven-surefire-plugin/xsd/surefire-test-report.xsd" version="3.0.2" name="com.assessment.core.services.impl.CacheServiceImplTest" time="0.218" tests="18" errors="0" skipped="0" failures="0" flakes="0">
  <properties>
[...]
</properties>
  <testcase name="testEmptyValue" classname="com.assessment.core.services.impl.CacheServiceImplTest" time="0.003"/>
  <testcase name="testGetNullKey" classname="com.assessment.core.services.impl.CacheServiceImplTest" time="0.0"/>
  <testcase name="testExpiration" classname="com.assessment.core.services.impl.CacheServiceImplTest" time="0.2"/>
  <testcase name="testClear" classname="com.assessment.core.services.impl.CacheServiceImplTest" time="0.0"/>
  <testcase name="testOverwriteExistingKey" classname="com.assessment.core.services.impl.CacheServiceImplTest" time="0.0"/>
  <testcase name="testZeroTTL" classname="com.assessment.core.services.impl.CacheServiceImplTest" time="0.001"/>
  <testcase name="testContainsKey" classname="com.assessment.core.services.impl.CacheServiceImplTest" time="0.0"/>
  <testcase name="testNegativeTTL" classname="com.assessment.core.services.impl.CacheServiceImplTest" time="0.001"/>
  <testcase name="testPutAndGet" classname="com.assessment.core.services.impl.CacheServiceImplTest" time="0.0"/>
  <testcase name="testGetNonExistentKey" classname="com.assessment.core.services.impl.CacheServiceImplTest" time="0.001"/>
  <testcase name="testPutNullValue" classname="com.assessment.core.services.impl.CacheServiceImplTest" time="0.001"/>
  <testcase name="testContainsKeyWithNullKey" classname="com.assessment.core.services.impl.CacheServiceImplTest" time="0.001"/>
  <testcase name="testSpecialCharactersInKeys" classname="com.assessment.core.services.impl.CacheServiceImplTest" time="0.0"/>
  <testcase name="testRemoveNullKey" classname="com.assessment.core.services.impl.CacheServiceImplTest" time="0.001"/>
  <testcase name="testMultipleKeys" classname="com.assessment.core.services.impl.CacheServiceImplTest" time="0.001"/>
  <testcase name="testRemove" classname="com.assessment.core.services.impl.CacheServiceImplTest" time="0.001"/>
  <testcase name="testEmptyKey" classname="com.assessment.core.services.impl.CacheServiceImplTest" time="0.0"/>
  <testcase name="testPutNullKey" classname="com.assessment.core.services.impl.CacheServiceImplTest" time="0.0"/>
</testsuite>